<?xml version="1.0" encoding="UTF-8"?>
<!-- Generated by org.testng.reporters.JUnitXMLReporter -->
<testsuite ignored="0" hostname="LAPTOP-2GS32DIE" failures="0" tests="7" name="Surefire test" time="0.556" errors="0" timestamp="2024-10-22T17:18:00 IST">
  <testcase classname="testBase.BaseClass" name="@BeforeClass Setup" time="-1.729597680024E9">
    <failure type="org.testng.TestNGException" message="
Parameter &amp;apos;os&amp;apos; is required by BeforeClass on method Setup but has not been marked @Optional or defined
">
      <![CDATA[org.testng.TestNGException: 
Parameter 'os' is required by BeforeClass on method Setup but has not been marked @Optional or defined

at java.base/java.util.ArrayList.forEach(ArrayList.java:1511)
... Removed 27 stack frames]]>
    </failure>
  </testcase> <!-- @BeforeClass Setup -->
  <testcase classname="testBase.BaseClass" name="@AfterClass teardown" time="0.0">
    <skipped/>
  </testcase> <!-- @AfterClass teardown -->
  <testcase classname="testBase.BaseClass" name="@BeforeClass Setup" time="-1.729597680049E9">
    <failure type="org.testng.TestNGException" message="
Parameter &amp;apos;os&amp;apos; is required by BeforeClass on method Setup but has not been marked @Optional or defined
">
      <![CDATA[org.testng.TestNGException: 
Parameter 'os' is required by BeforeClass on method Setup but has not been marked @Optional or defined

at java.base/java.util.ArrayList.forEach(ArrayList.java:1511)
... Removed 27 stack frames]]>
    </failure>
  </testcase> <!-- @BeforeClass Setup -->
  <testcase classname="testBase.BaseClass" name="@AfterClass teardown" time="0.0">
    <skipped/>
  </testcase> <!-- @AfterClass teardown -->
  <testcase classname="testCases.TC002_LoginTest" name="Login_Test" time="0.0">
    <skipped/>
  </testcase> <!-- Login_Test -->
  <testcase classname="testCases.TC003_DDT_LoginTest" name="verify_DDT_Login" time="0.0">
    <skipped/>
  </testcase> <!-- verify_DDT_Login -->
  <testcase classname="testCases.TC003_DDT_LoginTest" name="verify_DDT_Login" time="0.0">
    <skipped/>
  </testcase> <!-- verify_DDT_Login -->
  <testcase classname="testCases.TC003_DDT_LoginTest" name="verify_DDT_Login" time="0.0">
    <skipped/>
  </testcase> <!-- verify_DDT_Login -->
  <testcase classname="testCases.TC003_DDT_LoginTest" name="verify_DDT_Login" time="0.0">
    <skipped/>
  </testcase> <!-- verify_DDT_Login -->
  <testcase classname="testCases.TC003_DDT_LoginTest" name="verify_DDT_Login" time="0.0">
    <skipped/>
  </testcase> <!-- verify_DDT_Login -->
  <testcase classname="testCases.TC003_DDT_LoginTest" name="verify_DDT_Login" time="0.0">
    <skipped/>
  </testcase> <!-- verify_DDT_Login -->
</testsuite> <!-- Surefire test -->
