<?xml version="1.0" encoding="UTF-8"?>
<!-- Generated by org.testng.reporters.JUnitXMLReporter -->
<testsuite ignored="0" hostname="LAPTOP-2GS32DIE" failures="1" tests="2" name="ChromeTest" time="20.102" errors="0" timestamp="2024-10-19T19:31:06 IST">
  <testcase classname="testCases.TC001_AccountRegisteration" name="Account_Registeration_Test" time="8.682">
    <failure type="java.lang.AssertionError" message="null">
      <![CDATA[java.lang.AssertionError: null
at testCases.TC001_AccountRegisteration.Account_Registeration_Test(TC001_AccountRegisteration.java:77)
at java.base/java.util.ArrayList.forEach(ArrayList.java:1511)
at java.base/java.util.concurrent.FutureTask.run(FutureTask.java:317)
at java.base/java.util.concurrent.ThreadPoolExecutor.runWorker(ThreadPoolExecutor.java:1144)
at java.base/java.util.concurrent.ThreadPoolExecutor$Worker.run(ThreadPoolExecutor.java:642)
at java.base/java.lang.Thread.run(Thread.java:1589)
... Removed 17 stack frames]]>
    </failure>
  </testcase> <!-- Account_Registeration_Test -->
  <testcase classname="testCases.TC002_LoginTest" name="Login_Test" time="5.608"/>
</testsuite> <!-- ChromeTest -->
